('\xef\xbb\xbf1', '2PHY_A')
Traceback (most recent call last):
  File "get_phmmer_results.py", line 47, in <module>
    f.write(req.text)
UnicodeEncodeError: 'ascii' codec can't encode character u'\u2026' in position 12553: ordinal not in range(128)
https://www.ebi.ac.uk/Tools/hmmer/download/6CB17AF2-9801-11E8-B688-A196DBC3747A.1/score?format=fullfasta
(1, '2PHY_A')
https://www.ebi.ac.uk/Tools/hmmer/download/6CB17AF2-9801-11E8-B688-A196DBC3747A.1/score?format=tsv
https://www.ebi.ac.uk/Tools/hmmer/download/6CB17AF2-9801-11E8-B688-A196DBC3747A.2/score?format=fullfasta
(2, '1GBS_A')
https://www.ebi.ac.uk/Tools/hmmer/download/6CB17AF2-9801-11E8-B688-A196DBC3747A.2/score?format=tsv
https://www.ebi.ac.uk/Tools/hmmer/download/6CB17AF2-9801-11E8-B688-A196DBC3747A.3/score?format=fullfasta
(3, '1LO7_A')
https://www.ebi.ac.uk/Tools/hmmer/download/6CB17AF2-9801-11E8-B688-A196DBC3747A.3/score?format=tsv
https://www.ebi.ac.uk/Tools/hmmer/download/6CB17AF2-9801-11E8-B688-A196DBC3747A.4/score?format=fullfasta
(4, '1I1J_A')
https://www.ebi.ac.uk/Tools/hmmer/download/6CB17AF2-9801-11E8-B688-A196DBC3747A.4/score?format=tsv
https://www.ebi.ac.uk/Tools/hmmer/download/6CB17AF2-9801-11E8-B688-A196DBC3747A.5/score?format=fullfasta
(5, '1M8A_A')
https://www.ebi.ac.uk/Tools/hmmer/download/6CB17AF2-9801-11E8-B688-A196DBC3747A.5/score?format=tsv
https://www.ebi.ac.uk/Tools/hmmer/download/6CB17AF2-9801-11E8-B688-A196DBC3747A.6/score?format=fullfasta
(6, '2ARC_A')
https://www.ebi.ac.uk/Tools/hmmer/download/6CB17AF2-9801-11E8-B688-A196DBC3747A.6/score?format=tsv
https://www.ebi.ac.uk/Tools/hmmer/download/6CB17AF2-9801-11E8-B688-A196DBC3747A.7/score?format=fullfasta
(7, '2MHR_A')
https://www.ebi.ac.uk/Tools/hmmer/download/6CB17AF2-9801-11E8-B688-A196DBC3747A.7/score?format=tsv
https://www.ebi.ac.uk/Tools/hmmer/download/6CB17AF2-9801-11E8-B688-A196DBC3747A.8/score?format=fullfasta
(8, '1AG6_A')
https://www.ebi.ac.uk/Tools/hmmer/download/6CB17AF2-9801-11E8-B688-A196DBC3747A.8/score?format=tsv
https://www.ebi.ac.uk/Tools/hmmer/download/6CB17AF2-9801-11E8-B688-A196DBC3747A.9/score?format=fullfasta
(9, '1BEB_A')
https://www.ebi.ac.uk/Tools/hmmer/download/6CB17AF2-9801-11E8-B688-A196DBC3747A.9/score?format=tsv
https://www.ebi.ac.uk/Tools/hmmer/download/6CB17AF2-9801-11E8-B688-A196DBC3747A.10/score?format=fullfasta
(10, '1P90_A')
https://www.ebi.ac.uk/Tools/hmmer/download/6CB17AF2-9801-11E8-B688-A196DBC3747A.10/score?format=tsv
https://www.ebi.ac.uk/Tools/hmmer/download/6CB17AF2-9801-11E8-B688-A196DBC3747A.11/score?format=fullfasta
(11, '1CJW_A')
https://www.ebi.ac.uk/Tools/hmmer/download/6CB17AF2-9801-11E8-B688-A196DBC3747A.11/score?format=tsv
https://www.ebi.ac.uk/Tools/hmmer/download/6CB17AF2-9801-11E8-B688-A196DBC3747A.12/score?format=fullfasta
(12, '1DQG_A')
https://www.ebi.ac.uk/Tools/hmmer/download/6CB17AF2-9801-11E8-B688-A196DBC3747A.12/score?format=tsv
https://www.ebi.ac.uk/Tools/hmmer/download/6CB17AF2-9801-11E8-B688-A196DBC3747A.13/score?format=fullfasta
(13, '1VJK_A')
https://www.ebi.ac.uk/Tools/hmmer/download/6CB17AF2-9801-11E8-B688-A196DBC3747A.13/score?format=tsv
https://www.ebi.ac.uk/Tools/hmmer/download/6CB17AF2-9801-11E8-B688-A196DBC3747A.14/score?format=fullfasta
(14, '1ROA_A')
https://www.ebi.ac.uk/Tools/hmmer/download/6CB17AF2-9801-11E8-B688-A196DBC3747A.14/score?format=tsv
https://www.ebi.ac.uk/Tools/hmmer/download/6CB17AF2-9801-11E8-B688-A196DBC3747A.15/score?format=fullfasta
(15, '1GMI_A')
https://www.ebi.ac.uk/Tools/hmmer/download/6CB17AF2-9801-11E8-B688-A196DBC3747A.15/score?format=tsv
https://www.ebi.ac.uk/Tools/hmmer/download/6CB17AF2-9801-11E8-B688-A196DBC3747A.16/score?format=fullfasta
(16, '1EJ8_A')
https://www.ebi.ac.uk/Tools/hmmer/download/6CB17AF2-9801-11E8-B688-A196DBC3747A.16/score?format=tsv
https://www.ebi.ac.uk/Tools/hmmer/download/6CB17AF2-9801-11E8-B688-A196DBC3747A.17/score?format=fullfasta
(17, '1KQR_A')
https://www.ebi.ac.uk/Tools/hmmer/download/6CB17AF2-9801-11E8-B688-A196DBC3747A.17/score?format=tsv
https://www.ebi.ac.uk/Tools/hmmer/download/6CB17AF2-9801-11E8-B688-A196DBC3747A.18/score?format=fullfasta
(18, '1KW4_A')
https://www.ebi.ac.uk/Tools/hmmer/download/6CB17AF2-9801-11E8-B688-A196DBC3747A.18/score?format=tsv
https://www.ebi.ac.uk/Tools/hmmer/download/6CB17AF2-9801-11E8-B688-A196DBC3747A.19/score?format=fullfasta
(19, '1CC8_A')
https://www.ebi.ac.uk/Tools/hmmer/download/6CB17AF2-9801-11E8-B688-A196DBC3747A.19/score?format=tsv
https://www.ebi.ac.uk/Tools/hmmer/download/6CB17AF2-9801-11E8-B688-A196DBC3747A.20/score?format=fullfasta
(20, '1MK0_A')
https://www.ebi.ac.uk/Tools/hmmer/download/6CB17AF2-9801-11E8-B688-A196DBC3747A.20/score?format=tsv
https://www.ebi.ac.uk/Tools/hmmer/download/6CB17AF2-9801-11E8-B688-A196DBC3747A.21/score?format=fullfasta
(21, '1ABA_A')
https://www.ebi.ac.uk/Tools/hmmer/download/6CB17AF2-9801-11E8-B688-A196DBC3747A.21/score?format=tsv
https://www.ebi.ac.uk/Tools/hmmer/download/6CB17AF2-9801-11E8-B688-A196DBC3747A.22/score?format=fullfasta
(22, '1A6M_A')
https://www.ebi.ac.uk/Tools/hmmer/download/6CB17AF2-9801-11E8-B688-A196DBC3747A.22/score?format=tsv
https://www.ebi.ac.uk/Tools/hmmer/download/6CB17AF2-9801-11E8-B688-A196DBC3747A.23/score?format=fullfasta
(23, '1QJP_A')
https://www.ebi.ac.uk/Tools/hmmer/download/6CB17AF2-9801-11E8-B688-A196DBC3747A.23/score?format=tsv
https://www.ebi.ac.uk/Tools/hmmer/download/6CB17AF2-9801-11E8-B688-A196DBC3747A.24/score?format=fullfasta
(24, '1KQ6_A')
https://www.ebi.ac.uk/Tools/hmmer/download/6CB17AF2-9801-11E8-B688-A196DBC3747A.24/score?format=tsv
https://www.ebi.ac.uk/Tools/hmmer/download/6CB17AF2-9801-11E8-B688-A196DBC3747A.25/score?format=fullfasta
(25, '1HXN_A')
https://www.ebi.ac.uk/Tools/hmmer/download/6CB17AF2-9801-11E8-B688-A196DBC3747A.25/score?format=tsv
https://www.ebi.ac.uk/Tools/hmmer/download/6CB17AF2-9801-11E8-B688-A196DBC3747A.26/score?format=fullfasta
(26, '1LPY_A')
https://www.ebi.ac.uk/Tools/hmmer/download/6CB17AF2-9801-11E8-B688-A196DBC3747A.26/score?format=tsv
https://www.ebi.ac.uk/Tools/hmmer/download/6CB17AF2-9801-11E8-B688-A196DBC3747A.27/score?format=fullfasta
(27, '1JYH_A')
https://www.ebi.ac.uk/Tools/hmmer/download/6CB17AF2-9801-11E8-B688-A196DBC3747A.27/score?format=tsv
https://www.ebi.ac.uk/Tools/hmmer/download/6CB17AF2-9801-11E8-B688-A196DBC3747A.29/score?format=fullfasta
(29, '1NPS_A')
https://www.ebi.ac.uk/Tools/hmmer/download/6CB17AF2-9801-11E8-B688-A196DBC3747A.29/score?format=tsv
