/stor/work/Wilke/adhock/Empirical_prot_seqs/Data/analyzed_set/1A3A_A_rp75.mafft.processed.flat
/stor/work/Wilke/adhock/Empirical_prot_seqs/Data/analyzed_set/1A6M_A_uniprotkb.mafft.processed.flat
*** Sorry - not enough sequences or sequence diversity to proceed!
Neff (85.904190) < MINEFSEQS (151)
If you want to force a calculation at your own risk, adjust MINEFSEQS or use -o to override.

/stor/work/Wilke/adhock/Empirical_prot_seqs/Data/analyzed_set/1A70_A_rp75.mafft.processed.flat
/stor/work/Wilke/adhock/Empirical_prot_seqs/Data/analyzed_set/1AAP_A_rp75.mafft.processed.flat
/stor/work/Wilke/adhock/Empirical_prot_seqs/Data/analyzed_set/1ABA_A_uniprotkb.mafft.processed.flat
*** Sorry - not enough sequences or sequence diversity to proceed!
Neff (22.266154) < MINEFSEQS (87)
If you want to force a calculation at your own risk, adjust MINEFSEQS or use -o to override.

/stor/work/Wilke/adhock/Empirical_prot_seqs/Data/analyzed_set/1AG6_A_uniprotkb.mafft.processed.flat
/stor/work/Wilke/adhock/Empirical_prot_seqs/Data/analyzed_set/1AOE_A_rp75.mafft.processed.flat
/stor/work/Wilke/adhock/Empirical_prot_seqs/Data/analyzed_set/1ATL_A_rp75.mafft.processed.flat
/stor/work/Wilke/adhock/Empirical_prot_seqs/Data/analyzed_set/1ATZ_A_rp75.mafft.processed.flat
/stor/work/Wilke/adhock/Empirical_prot_seqs/Data/analyzed_set/1AVS_A_rp35.mafft.processed.flat
/stor/work/Wilke/adhock/Empirical_prot_seqs/Data/analyzed_set/1BDO_A_rp75.mafft.processed.flat
/stor/work/Wilke/adhock/Empirical_prot_seqs/Data/analyzed_set/1BEB_A_uniprotkb.mafft.processed.flat
*** Sorry - not enough sequences or sequence diversity to proceed!
Neff (41.591616) < MINEFSEQS (156)
If you want to force a calculation at your own risk, adjust MINEFSEQS or use -o to override.

/stor/work/Wilke/adhock/Empirical_prot_seqs/Data/analyzed_set/1BEH_A_rp75.mafft.processed.flat
/stor/work/Wilke/adhock/Empirical_prot_seqs/Data/analyzed_set/1BKR_A_rp75.mafft.processed.flat
/stor/work/Wilke/adhock/Empirical_prot_seqs/Data/analyzed_set/1BRF_A_rp75.mafft.processed.flat
/stor/work/Wilke/adhock/Empirical_prot_seqs/Data/analyzed_set/1BSG_A_rp75.mafft.processed.flat
/stor/work/Wilke/adhock/Empirical_prot_seqs/Data/analyzed_set/1C44_A_rp75.mafft.processed.flat
/stor/work/Wilke/adhock/Empirical_prot_seqs/Data/analyzed_set/1C52_A_rp75.mafft.processed.flat
/stor/work/Wilke/adhock/Empirical_prot_seqs/Data/analyzed_set/1C9O_A_rp35.mafft.processed.flat
/stor/work/Wilke/adhock/Empirical_prot_seqs/Data/analyzed_set/1CC8_A_uniprotkb.mafft.processed.flat
/stor/work/Wilke/adhock/Empirical_prot_seqs/Data/analyzed_set/1CHD_A_rp75.mafft.processed.flat
/stor/work/Wilke/adhock/Empirical_prot_seqs/Data/analyzed_set/1CJW_A_uniprotkb.mafft.processed.flat
*** Sorry - not enough sequences or sequence diversity to proceed!
Neff (151.436564) < MINEFSEQS (166)
If you want to force a calculation at your own risk, adjust MINEFSEQS or use -o to override.

/stor/work/Wilke/adhock/Empirical_prot_seqs/Data/analyzed_set/1CKE_A_rp75.mafft.processed.flat
/stor/work/Wilke/adhock/Empirical_prot_seqs/Data/analyzed_set/1CTF_A_rp75.mafft.processed.flat
/stor/work/Wilke/adhock/Empirical_prot_seqs/Data/analyzed_set/1CXY_A_rp75.mafft.processed.flat
/stor/work/Wilke/adhock/Empirical_prot_seqs/Data/analyzed_set/1CZN_A_rp75.mafft.processed.flat
/stor/work/Wilke/adhock/Empirical_prot_seqs/Data/analyzed_set/1D0Q_A_rp75.mafft.processed.flat
/stor/work/Wilke/adhock/Empirical_prot_seqs/Data/analyzed_set/1D1Q_A_rp75.mafft.processed.flat
/stor/work/Wilke/adhock/Empirical_prot_seqs/Data/analyzed_set/1D4O_A_rp75.mafft.processed.flat
/stor/work/Wilke/adhock/Empirical_prot_seqs/Data/analyzed_set/1DBX_A_rp75.mafft.processed.flat
/stor/work/Wilke/adhock/Empirical_prot_seqs/Data/analyzed_set/1DIX_A_rp75.mafft.processed.flat
/stor/work/Wilke/adhock/Empirical_prot_seqs/Data/analyzed_set/1DLW_A_rp75.mafft.processed.flat
/stor/work/Wilke/adhock/Empirical_prot_seqs/Data/analyzed_set/1DMG_A_rp75.mafft.processed.flat
*** Sorry - not enough sequences or sequence diversity to proceed!
Neff (61.867205) < MINEFSEQS (172)
If you want to force a calculation at your own risk, adjust MINEFSEQS or use -o to override.

/stor/work/Wilke/adhock/Empirical_prot_seqs/Data/analyzed_set/1DQG_A_uniprotkb.mafft.processed.flat
*** Sorry - not enough sequences or sequence diversity to proceed!
Neff (54.234742) < MINEFSEQS (134)
If you want to force a calculation at your own risk, adjust MINEFSEQS or use -o to override.

/stor/work/Wilke/adhock/Empirical_prot_seqs/Data/analyzed_set/1DSX_A_rp75.mafft.processed.flat
/stor/work/Wilke/adhock/Empirical_prot_seqs/Data/analyzed_set/1EAZ_A_rp75.mafft.processed.flat
/stor/work/Wilke/adhock/Empirical_prot_seqs/Data/analyzed_set/1EJ0_A_rp75.mafft.processed.flat
/stor/work/Wilke/adhock/Empirical_prot_seqs/Data/analyzed_set/1EJ8_A_uniprotkb.mafft.processed.flat
*** Sorry - not enough sequences or sequence diversity to proceed!
Neff (107.470601) < MINEFSEQS (140)
If you want to force a calculation at your own risk, adjust MINEFSEQS or use -o to override.

/stor/work/Wilke/adhock/Empirical_prot_seqs/Data/analyzed_set/1EK0_A_rp15.mafft.processed.flat
/stor/work/Wilke/adhock/Empirical_prot_seqs/Data/analyzed_set/1F6B_A_rp55.mafft.processed.flat
/stor/work/Wilke/adhock/Empirical_prot_seqs/Data/analyzed_set/1FCY_A_rp75.mafft.processed.flat
/stor/work/Wilke/adhock/Empirical_prot_seqs/Data/analyzed_set/1FK5_A_rp75.mafft.processed.flat
/stor/work/Wilke/adhock/Empirical_prot_seqs/Data/analyzed_set/1FL0_A_rp75.mafft.processed.flat
/stor/work/Wilke/adhock/Empirical_prot_seqs/Data/analyzed_set/1FNA_A_rp75.mafft.processed.flat
/stor/work/Wilke/adhock/Empirical_prot_seqs/Data/analyzed_set/1FQT_A_rp75.mafft.processed.flat
/stor/work/Wilke/adhock/Empirical_prot_seqs/Data/analyzed_set/1FVG_A_rp75.mafft.processed.flat
/stor/work/Wilke/adhock/Empirical_prot_seqs/Data/analyzed_set/1FVK_A_rp75.mafft.processed.flat
/stor/work/Wilke/adhock/Empirical_prot_seqs/Data/analyzed_set/1FX2_A_rp75.mafft.processed.flat
/stor/work/Wilke/adhock/Empirical_prot_seqs/Data/analyzed_set/1G2R_A_rp75.mafft.processed.flat
/stor/work/Wilke/adhock/Empirical_prot_seqs/Data/analyzed_set/1G9O_A_rp75.mafft.processed.flat
/stor/work/Wilke/adhock/Empirical_prot_seqs/Data/analyzed_set/1GBS_A_uniprotkb.mafft.processed.flat
*** Sorry - not enough sequences or sequence diversity to proceed!
Neff (98.905484) < MINEFSEQS (185)
If you want to force a calculation at your own risk, adjust MINEFSEQS or use -o to override.

/stor/work/Wilke/adhock/Empirical_prot_seqs/Data/analyzed_set/1GMI_A_uniprotkb.mafft.processed.flat
*** Sorry - not enough sequences or sequence diversity to proceed!
Neff (100.188890) < MINEFSEQS (135)
If you want to force a calculation at your own risk, adjust MINEFSEQS or use -o to override.

/stor/work/Wilke/adhock/Empirical_prot_seqs/Data/analyzed_set/1GMX_A_rp75.mafft.processed.flat
/stor/work/Wilke/adhock/Empirical_prot_seqs/Data/analyzed_set/1GUU_A_rp75.mafft.processed.flat
/stor/work/Wilke/adhock/Empirical_prot_seqs/Data/analyzed_set/1GZ2_A_rp75.mafft.processed.flat
/stor/work/Wilke/adhock/Empirical_prot_seqs/Data/analyzed_set/1GZC_A_rp75.mafft.processed.flat
/stor/work/Wilke/adhock/Empirical_prot_seqs/Data/analyzed_set/1H0P_A_rp35.mafft.processed.flat
/stor/work/Wilke/adhock/Empirical_prot_seqs/Data/analyzed_set/1H2E_A_rp35.mafft.processed.flat
/stor/work/Wilke/adhock/Empirical_prot_seqs/Data/analyzed_set/1H4X_A_rp75.mafft.processed.flat
/stor/work/Wilke/adhock/Empirical_prot_seqs/Data/analyzed_set/1H98_A_rp75.mafft.processed.flat
/stor/work/Wilke/adhock/Empirical_prot_seqs/Data/analyzed_set/1HDO_A_rp75.mafft.processed.flat
/stor/work/Wilke/adhock/Empirical_prot_seqs/Data/analyzed_set/1HFC_A_rp75.mafft.processed.flat
/stor/work/Wilke/adhock/Empirical_prot_seqs/Data/analyzed_set/1HH8_A_rp75.mafft.processed.flat
/stor/work/Wilke/adhock/Empirical_prot_seqs/Data/analyzed_set/1HTW_A_rp75.mafft.processed.flat
/stor/work/Wilke/adhock/Empirical_prot_seqs/Data/analyzed_set/1HXN_A_uniprotkb.mafft.processed.flat
*** Sorry - not enough sequences or sequence diversity to proceed!
Neff (124.823987) < MINEFSEQS (209)
If you want to force a calculation at your own risk, adjust MINEFSEQS or use -o to override.

/stor/work/Wilke/adhock/Empirical_prot_seqs/Data/analyzed_set/1I1J_A_uniprotkb.mafft.processed.flat
*** Sorry - not enough sequences or sequence diversity to proceed!
Neff (48.867748) < MINEFSEQS (106)
If you want to force a calculation at your own risk, adjust MINEFSEQS or use -o to override.

/stor/work/Wilke/adhock/Empirical_prot_seqs/Data/analyzed_set/1I1N_A_rp75.mafft.processed.flat
/stor/work/Wilke/adhock/Empirical_prot_seqs/Data/analyzed_set/1I4J_A_rp75.mafft.processed.flat
/stor/work/Wilke/adhock/Empirical_prot_seqs/Data/analyzed_set/1I58_A_rp75.mafft.processed.flat
/stor/work/Wilke/adhock/Empirical_prot_seqs/Data/analyzed_set/1I5G_A_rp75.mafft.processed.flat
/stor/work/Wilke/adhock/Empirical_prot_seqs/Data/analyzed_set/1I71_A_rp75.mafft.processed.flat
/stor/work/Wilke/adhock/Empirical_prot_seqs/Data/analyzed_set/1IHZ_A_rp75.mafft.processed.flat
/stor/work/Wilke/adhock/Empirical_prot_seqs/Data/analyzed_set/1IIB_A_rp75.mafft.processed.flat
/stor/work/Wilke/adhock/Empirical_prot_seqs/Data/analyzed_set/1IM5_A_rp55.mafft.processed.flat
/stor/work/Wilke/adhock/Empirical_prot_seqs/Data/analyzed_set/1IWD_A_rp55.mafft.processed.flat
/stor/work/Wilke/adhock/Empirical_prot_seqs/Data/analyzed_set/1J3A_A_rp75.mafft.processed.flat
/stor/work/Wilke/adhock/Empirical_prot_seqs/Data/analyzed_set/1JBE_A_rp15.mafft.processed.flat
/stor/work/Wilke/adhock/Empirical_prot_seqs/Data/analyzed_set/1JBK_A_rp35.mafft.processed.flat
/stor/work/Wilke/adhock/Empirical_prot_seqs/Data/analyzed_set/1JFU_A_rp35.mafft.processed.flat
/stor/work/Wilke/adhock/Empirical_prot_seqs/Data/analyzed_set/1JFX_A_rp75.mafft.processed.flat
/stor/work/Wilke/adhock/Empirical_prot_seqs/Data/analyzed_set/1JKX_A_rp35.mafft.processed.flat
/stor/work/Wilke/adhock/Empirical_prot_seqs/Data/analyzed_set/1JL1_A_rp75.mafft.processed.flat
/stor/work/Wilke/adhock/Empirical_prot_seqs/Data/analyzed_set/1JO0_A_rp75.mafft.processed.flat
/stor/work/Wilke/adhock/Empirical_prot_seqs/Data/analyzed_set/1JO8_A_rp75.mafft.processed.flat
/stor/work/Wilke/adhock/Empirical_prot_seqs/Data/analyzed_set/1JOS_A_rp75.mafft.processed.flat
/stor/work/Wilke/adhock/Empirical_prot_seqs/Data/analyzed_set/1JVW_A_rp55.mafft.processed.flat
/stor/work/Wilke/adhock/Empirical_prot_seqs/Data/analyzed_set/1JWQ_A_rp55.mafft.processed.flat
/stor/work/Wilke/adhock/Empirical_prot_seqs/Data/analyzed_set/1JYH_A_uniprotkb.mafft.processed.flat
/stor/work/Wilke/adhock/Empirical_prot_seqs/Data/analyzed_set/1K6K_A_rp75.mafft.processed.flat
/stor/work/Wilke/adhock/Empirical_prot_seqs/Data/analyzed_set/1K7C_A_rp75.mafft.processed.flat
/stor/work/Wilke/adhock/Empirical_prot_seqs/Data/analyzed_set/1K7J_A_rp75.mafft.processed.flat
/stor/work/Wilke/adhock/Empirical_prot_seqs/Data/analyzed_set/1KID_A_rp55.mafft.processed.flat
/stor/work/Wilke/adhock/Empirical_prot_seqs/Data/analyzed_set/1KQ6_A_uniprotkb.mafft.processed.flat
*** Sorry - not enough sequences or sequence diversity to proceed!
Neff (75.065923) < MINEFSEQS (136)
If you want to force a calculation at your own risk, adjust MINEFSEQS or use -o to override.

/stor/work/Wilke/adhock/Empirical_prot_seqs/Data/analyzed_set/1KQR_A_uniprotkb.mafft.processed.flat
*** Sorry - not enough sequences or sequence diversity to proceed!
Neff (83.920791) < MINEFSEQS (160)
If you want to force a calculation at your own risk, adjust MINEFSEQS or use -o to override.

/stor/work/Wilke/adhock/Empirical_prot_seqs/Data/analyzed_set/1KTG_A_rp75.mafft.processed.flat
/stor/work/Wilke/adhock/Empirical_prot_seqs/Data/analyzed_set/1KU3_A_rp55.mafft.processed.flat
/stor/work/Wilke/adhock/Empirical_prot_seqs/Data/analyzed_set/1KW4_A_uniprotkb.mafft.processed.flat
/stor/work/Wilke/adhock/Empirical_prot_seqs/Data/analyzed_set/1LM4_A_rp75.mafft.processed.flat
/stor/work/Wilke/adhock/Empirical_prot_seqs/Data/analyzed_set/1LO7_A_uniprotkb.mafft.processed.flat
/stor/work/Wilke/adhock/Empirical_prot_seqs/Data/analyzed_set/1LPY_A_uniprotkb.mafft.processed.flat
*** Sorry - not enough sequences or sequence diversity to proceed!
Neff (74.373586) < MINEFSEQS (147)
If you want to force a calculation at your own risk, adjust MINEFSEQS or use -o to override.

/stor/work/Wilke/adhock/Empirical_prot_seqs/Data/analyzed_set/1M4J_A_rp75.mafft.processed.flat
/stor/work/Wilke/adhock/Empirical_prot_seqs/Data/analyzed_set/1M8A_A_uniprotkb.mafft.processed.flat
/stor/work/Wilke/adhock/Empirical_prot_seqs/Data/analyzed_set/1MK0_A_uniprotkb.mafft.processed.flat
/stor/work/Wilke/adhock/Empirical_prot_seqs/Data/analyzed_set/1MUG_A_rp75.mafft.processed.flat
/stor/work/Wilke/adhock/Empirical_prot_seqs/Data/analyzed_set/1NB9_A_rp75.mafft.processed.flat
/stor/work/Wilke/adhock/Empirical_prot_seqs/Data/analyzed_set/1NE2_A_rp75.mafft.processed.flat
/stor/work/Wilke/adhock/Empirical_prot_seqs/Data/analyzed_set/1NPS_A_uniprotkb.mafft.processed.flat
/stor/work/Wilke/adhock/Empirical_prot_seqs/Data/analyzed_set/1NRV_A_rp75.mafft.processed.flat
/stor/work/Wilke/adhock/Empirical_prot_seqs/Data/analyzed_set/1NY1_A_rp55.mafft.processed.flat
/stor/work/Wilke/adhock/Empirical_prot_seqs/Data/analyzed_set/1O1Z_A_rp75.mafft.processed.flat
/stor/work/Wilke/adhock/Empirical_prot_seqs/Data/analyzed_set/1P90_A_uniprotkb.mafft.processed.flat
/stor/work/Wilke/adhock/Empirical_prot_seqs/Data/analyzed_set/1PCH_A_rp75.mafft.processed.flat
/stor/work/Wilke/adhock/Empirical_prot_seqs/Data/analyzed_set/1PKO_A_rp75.mafft.processed.flat
/stor/work/Wilke/adhock/Empirical_prot_seqs/Data/analyzed_set/1QF9_A_rp55.mafft.processed.flat
/stor/work/Wilke/adhock/Empirical_prot_seqs/Data/analyzed_set/1QJP_A_uniprotkb.mafft.processed.flat
*** Sorry - not enough sequences or sequence diversity to proceed!
Neff (118.815817) < MINEFSEQS (137)
If you want to force a calculation at your own risk, adjust MINEFSEQS or use -o to override.

/stor/work/Wilke/adhock/Empirical_prot_seqs/Data/analyzed_set/1QL0_A_rp75.mafft.processed.flat
/stor/work/Wilke/adhock/Empirical_prot_seqs/Data/analyzed_set/1R26_A_rp35.mafft.processed.flat
/stor/work/Wilke/adhock/Empirical_prot_seqs/Data/analyzed_set/1ROA_A_uniprotkb.mafft.processed.flat
/stor/work/Wilke/adhock/Empirical_prot_seqs/Data/analyzed_set/1RW1_A_rp75.mafft.processed.flat
/stor/work/Wilke/adhock/Empirical_prot_seqs/Data/analyzed_set/1RW7_A_rp75.mafft.processed.flat
/stor/work/Wilke/adhock/Empirical_prot_seqs/Data/analyzed_set/1RYB_A_rp75.mafft.processed.flat
/stor/work/Wilke/adhock/Empirical_prot_seqs/Data/analyzed_set/1SMX_A_rp75.mafft.processed.flat
/stor/work/Wilke/adhock/Empirical_prot_seqs/Data/analyzed_set/1SVY_A_rp75.mafft.processed.flat
/stor/work/Wilke/adhock/Empirical_prot_seqs/Data/analyzed_set/1T8K_A_rp75.mafft.processed.flat
/stor/work/Wilke/adhock/Empirical_prot_seqs/Data/analyzed_set/1TIF_A_rp75.mafft.processed.flat
/stor/work/Wilke/adhock/Empirical_prot_seqs/Data/analyzed_set/1TQG_A_rp75.mafft.processed.flat
/stor/work/Wilke/adhock/Empirical_prot_seqs/Data/analyzed_set/1TQH_A_rp75.mafft.processed.flat
/stor/work/Wilke/adhock/Empirical_prot_seqs/Data/analyzed_set/1TZV_A_rp75.mafft.processed.flat
/stor/work/Wilke/adhock/Empirical_prot_seqs/Data/analyzed_set/1VFY_A_rp75.mafft.processed.flat
/stor/work/Wilke/adhock/Empirical_prot_seqs/Data/analyzed_set/1VHU_A_rp75.mafft.processed.flat
/stor/work/Wilke/adhock/Empirical_prot_seqs/Data/analyzed_set/1VJK_A_uniprotkb.mafft.processed.flat
/stor/work/Wilke/adhock/Empirical_prot_seqs/Data/analyzed_set/1VMB_A_rp75.mafft.processed.flat
/stor/work/Wilke/adhock/Empirical_prot_seqs/Data/analyzed_set/1VP6_A_rp75.mafft.processed.flat
/stor/work/Wilke/adhock/Empirical_prot_seqs/Data/analyzed_set/1W0H_A_rp75.mafft.processed.flat
/stor/work/Wilke/adhock/Empirical_prot_seqs/Data/analyzed_set/1WHI_A_rp55.mafft.processed.flat
/stor/work/Wilke/adhock/Empirical_prot_seqs/Data/analyzed_set/1WJX_A_rp75.mafft.processed.flat
/stor/work/Wilke/adhock/Empirical_prot_seqs/Data/analyzed_set/1WKC_A_rp75.mafft.processed.flat
/stor/work/Wilke/adhock/Empirical_prot_seqs/Data/analyzed_set/1XDZ_A_rp75.mafft.processed.flat
/stor/work/Wilke/adhock/Empirical_prot_seqs/Data/analyzed_set/1XFF_A_rp35.mafft.processed.flat
/stor/work/Wilke/adhock/Empirical_prot_seqs/Data/analyzed_set/1XKR_A_rp75.mafft.processed.flat
/stor/work/Wilke/adhock/Empirical_prot_seqs/Data/analyzed_set/2ARC_A_uniprotkb.mafft.processed.flat
*** Sorry - not enough sequences or sequence diversity to proceed!
Neff (116.085682) < MINEFSEQS (161)
If you want to force a calculation at your own risk, adjust MINEFSEQS or use -o to override.

/stor/work/Wilke/adhock/Empirical_prot_seqs/Data/analyzed_set/2CUA_A_rp75.mafft.processed.flat
/stor/work/Wilke/adhock/Empirical_prot_seqs/Data/analyzed_set/2HS1_A_uniprotkb.mafft.processed.flat
*** Sorry - not enough sequences or sequence diversity to proceed!
Neff (1.000557) < MINEFSEQS (99)
If you want to force a calculation at your own risk, adjust MINEFSEQS or use -o to override.

/stor/work/Wilke/adhock/Empirical_prot_seqs/Data/analyzed_set/2MHR_A_uniprotkb.mafft.processed.flat
/stor/work/Wilke/adhock/Empirical_prot_seqs/Data/analyzed_set/2PHY_A_uniprotkb.mafft.processed.flat
*** Sorry - not enough sequences or sequence diversity to proceed!
Neff (97.396368) < MINEFSEQS (125)
If you want to force a calculation at your own risk, adjust MINEFSEQS or use -o to override.

/stor/work/Wilke/adhock/Empirical_prot_seqs/Data/analyzed_set/2TPS_A_rp75.mafft.processed.flat
/stor/work/Wilke/adhock/Empirical_prot_seqs/Data/analyzed_set/2VXN_A_rp55.mafft.processed.flat
/stor/work/Wilke/adhock/Empirical_prot_seqs/Data/analyzed_set/3BOR_A_rp15.mafft.processed.flat
/stor/work/Wilke/adhock/Empirical_prot_seqs/Data/analyzed_set/3DQG_A_rp35.mafft.processed.flat
/stor/work/Wilke/adhock/Empirical_prot_seqs/Data/analyzed_set/5PTP_A_rp35.mafft.processed.flat
